____________________________________________ Sun Jun 21 19:46:39 EDT 2015 ____________________________________________
---------------------------------------------------
13.txt    (V,E(--> 311 613
---------------------------------------------------
V: 311  E: 613

OVERALL MINIMUM STEINER COST: 1300602 Root: 97
Total Cost: 1300602
intem: 234 NumGr: 6 IDs  5  3  7  9  6  0 
intem: 171 NumGr: 2 IDs  2  1 
intem: 15 NumGr: 2 IDs  12  4 
intem: 32 NumGr: 3 IDs  8  10  11 
V: 311  E: 613

OVERALL MINIMUM STEINER COST: 1300602 Root: 97
Total Cost: 1300602
intem: 234 NumGr: 6 IDs  5  3  7  9  6  0 
intem: 171 NumGr: 2 IDs  2  1 
intem: 15 NumGr: 2 IDs  12  4 
intem: 32 NumGr: 3 IDs  8  10  11 
V: 311  E: 613

OVERALL MINIMUM STEINER COST: 1300602 Root: 97
Total Cost: 1300602
intem: 234 NumGr: 6 IDs  5  3  7  9  6  0 
intem: 171 NumGr: 2 IDs  2  1 
intem: 15 NumGr: 2 IDs  12  4 
intem: 32 NumGr: 3 IDs  8  10  11 
V: 311  E: 613

OVERALL MINIMUM STEINER COST: 1300602 Root: 97
Total Cost: 1300602
intem: 234 NumGr: 6 IDs  5  3  7  9  6  0 
intem: 171 NumGr: 2 IDs  2  1 
intem: 15 NumGr: 2 IDs  12  4 
intem: 32 NumGr: 3 IDs  8  10  11 
V: 311  E: 613

OVERALL MINIMUM STEINER COST: 1300602 Root: 97
Total Cost: 1300602
intem: 234 NumGr: 6 IDs  5  3  7  9  6  0 
intem: 171 NumGr: 2 IDs  2  1 
intem: 15 NumGr: 2 IDs  12  4 
intem: 32 NumGr: 3 IDs  8  10  11 
V: 311  E: 613

OVERALL MINIMUM STEINER COST: 1300602 Root: 97
Total Cost: 1300602
intem: 234 NumGr: 6 IDs  5  3  7  9  6  0 
intem: 171 NumGr: 2 IDs  2  1 
intem: 15 NumGr: 2 IDs  12  4 
intem: 32 NumGr: 3 IDs  8  10  11 


---------------------------------------------------
24.txt    (V,E(--> 262 487
---------------------------------------------------
V: 262  E: 487

OVERALL MINIMUM STEINER COST: 2401140 Root: 42
Total Cost: 2401140
intem: 73 NumGr: 4 IDs  22  23  21  20 
intem: 31 NumGr: 3 IDs  10  8  0 
intem: 57 NumGr: 3 IDs  19  18  17 
intem: 193 NumGr: 7 IDs  5  6  4  2  3  1  7 
intem: 39 NumGr: 2 IDs  11  12 
intem: 48 NumGr: 4 IDs  9  15  16  14 
intem: 251 NumGr: 1 IDs  13 
V: 262  E: 487

OVERALL MINIMUM STEINER COST: 2401140 Root: 42
Total Cost: 2401140
intem: 73 NumGr: 4 IDs  22  23  21  20 
intem: 31 NumGr: 3 IDs  10  8  0 
intem: 57 NumGr: 3 IDs  19  18  17 
intem: 193 NumGr: 7 IDs  5  6  4  2  3  1  7 
intem: 39 NumGr: 2 IDs  11  12 
intem: 48 NumGr: 4 IDs  9  15  16  14 
intem: 251 NumGr: 1 IDs  13 
V: 262  E: 487

OVERALL MINIMUM STEINER COST: 2401140 Root: 42
Total Cost: 2401140
intem: 73 NumGr: 4 IDs  22  23  21  20 
intem: 31 NumGr: 3 IDs  10  8  0 
intem: 57 NumGr: 3 IDs  19  18  17 
intem: 193 NumGr: 7 IDs  5  6  4  2  3  1  7 
intem: 39 NumGr: 2 IDs  11  12 
intem: 48 NumGr: 4 IDs  9  15  16  14 
intem: 251 NumGr: 1 IDs  13 
V: 262  E: 487

OVERALL MINIMUM STEINER COST: 2401140 Root: 42
Total Cost: 2401140
intem: 73 NumGr: 4 IDs  22  23  21  20 
intem: 31 NumGr: 3 IDs  10  8  0 
intem: 57 NumGr: 3 IDs  19  18  17 
intem: 193 NumGr: 7 IDs  5  6  4  2  3  1  7 
intem: 39 NumGr: 2 IDs  11  12 
intem: 48 NumGr: 4 IDs  9  15  16  14 
intem: 251 NumGr: 1 IDs  13 
V: 262  E: 487

OVERALL MINIMUM STEINER COST: 2401140 Root: 42
Total Cost: 2401140
intem: 73 NumGr: 4 IDs  22  23  21  20 
intem: 31 NumGr: 3 IDs  10  8  0 
intem: 57 NumGr: 3 IDs  19  18  17 
intem: 193 NumGr: 7 IDs  5  6  4  2  3  1  7 
intem: 39 NumGr: 2 IDs  11  12 
intem: 48 NumGr: 4 IDs  9  15  16  14 
intem: 251 NumGr: 1 IDs  13 
V: 262  E: 487

OVERALL MINIMUM STEINER COST: 2401140 Root: 42
Total Cost: 2401140
intem: 73 NumGr: 4 IDs  22  23  21  20 
intem: 31 NumGr: 3 IDs  10  8  0 
intem: 57 NumGr: 3 IDs  19  18  17 
intem: 193 NumGr: 7 IDs  5  6  4  2  3  1  7 
intem: 39 NumGr: 2 IDs  11  12 
intem: 48 NumGr: 4 IDs  9  15  16  14 
intem: 251 NumGr: 1 IDs  13 


---------------------------------------------------
34.txt    (V,E(--> 1244 2474
---------------------------------------------------
V: 1244  E: 2474

OVERALL MINIMUM STEINER COST: 3401275 Root: 669
Total Cost: 3401275
intem: 106 NumGr: 6 IDs  32  31  28  27  29  30 
intem: 50 NumGr: 2 IDs  13  20 
intem: 5 NumGr: 5 IDs  0  1  4  2  6 
intem: 280 NumGr: 2 IDs  25  26 
intem: 883 NumGr: 8 IDs  12  10  8  5  7  9  11  3 
intem: 797 NumGr: 3 IDs  33  15  16 
intem: 155 NumGr: 4 IDs  17  18  21  23 
intem: 55 NumGr: 3 IDs  24  14  19 
intem: 68 NumGr: 1 IDs  22 
V: 1244  E: 2474

OVERALL MINIMUM STEINER COST: 3401275 Root: 669
Total Cost: 3401275
intem: 106 NumGr: 6 IDs  32  31  28  27  29  30 
intem: 50 NumGr: 2 IDs  13  20 
intem: 5 NumGr: 5 IDs  0  1  4  2  6 
intem: 280 NumGr: 2 IDs  25  26 
intem: 883 NumGr: 8 IDs  12  10  8  5  7  9  11  3 
intem: 797 NumGr: 3 IDs  33  15  16 
intem: 155 NumGr: 4 IDs  17  18  21  23 
intem: 55 NumGr: 3 IDs  24  14  19 
intem: 68 NumGr: 1 IDs  22 
V: 1244  E: 2474

OVERALL MINIMUM STEINER COST: 3401275 Root: 669
Total Cost: 3401275
intem: 106 NumGr: 6 IDs  32  31  28  27  29  30 
intem: 50 NumGr: 2 IDs  13  20 
intem: 5 NumGr: 5 IDs  0  1  4  2  6 
intem: 280 NumGr: 2 IDs  25  26 
intem: 883 NumGr: 8 IDs  12  10  8  5  7  9  11  3 
intem: 797 NumGr: 3 IDs  33  15  16 
intem: 155 NumGr: 4 IDs  17  18  21  23 
intem: 55 NumGr: 3 IDs  24  14  19 
intem: 68 NumGr: 1 IDs  22 
V: 1244  E: 2474

OVERALL MINIMUM STEINER COST: 3401275 Root: 669
Total Cost: 3401275
intem: 106 NumGr: 6 IDs  32  31  28  27  29  30 
intem: 50 NumGr: 2 IDs  13  20 
intem: 5 NumGr: 5 IDs  0  1  4  2  6 
intem: 280 NumGr: 2 IDs  25  26 
intem: 883 NumGr: 8 IDs  12  10  8  5  7  9  11  3 
intem: 797 NumGr: 3 IDs  33  15  16 
intem: 155 NumGr: 4 IDs  17  18  21  23 
intem: 55 NumGr: 3 IDs  24  14  19 
intem: 68 NumGr: 1 IDs  22 
V: 1244  E: 2474

OVERALL MINIMUM STEINER COST: 3401275 Root: 669
Total Cost: 3401275
intem: 106 NumGr: 6 IDs  32  31  28  27  29  30 
intem: 50 NumGr: 2 IDs  13  20 
intem: 5 NumGr: 5 IDs  0  1  4  2  6 
intem: 280 NumGr: 2 IDs  25  26 
intem: 883 NumGr: 8 IDs  12  10  8  5  7  9  11  3 
intem: 797 NumGr: 3 IDs  33  15  16 
intem: 155 NumGr: 4 IDs  17  18  21  23 
intem: 55 NumGr: 3 IDs  24  14  19 
intem: 68 NumGr: 1 IDs  22 
V: 1244  E: 2474

OVERALL MINIMUM STEINER COST: 3401275 Root: 669
Total Cost: 3401275
intem: 106 NumGr: 6 IDs  32  31  28  27  29  30 
intem: 50 NumGr: 2 IDs  13  20 
intem: 5 NumGr: 5 IDs  0  1  4  2  6 
intem: 280 NumGr: 2 IDs  25  26 
intem: 883 NumGr: 8 IDs  12  10  8  5  7  9  11  3 
intem: 797 NumGr: 3 IDs  33  15  16 
intem: 155 NumGr: 4 IDs  17  18  21  23 
intem: 55 NumGr: 3 IDs  24  14  19 
intem: 68 NumGr: 1 IDs  22 


---------------------------------------------------
55.txt    (V,E(--> 1645 3186
---------------------------------------------------
V: 1645  E: 3186

OVERALL MINIMUM STEINER COST: 5502242 Root: 1099
Total Cost: 5502242
intem: 157 NumGr: 5 IDs  51  52  53  49  50 
intem: 317 NumGr: 8 IDs  20  17  21  35  36  34  19  18 
intem: 6 NumGr: 5 IDs  2  3  1  4  0 
intem: 613 NumGr: 10 IDs  48  54  47  43  40  41  42  44  45  46 
intem: 110 NumGr: 2 IDs  32  33 
intem: 126 NumGr: 3 IDs  37  38  39 
intem: 47 NumGr: 2 IDs  11  14 
intem: 1158 NumGr: 9 IDs  15  12  16  6  7  8  10  9  5 
intem: 68 NumGr: 3 IDs  22  23  24 
intem: 1110 NumGr: 4 IDs  25  26  27  28 
intem: 94 NumGr: 4 IDs  13  29  30  31 
V: 1645  E: 3186

OVERALL MINIMUM STEINER COST: 5502242 Root: 1099
Total Cost: 5502242
intem: 157 NumGr: 5 IDs  51  52  53  49  50 
intem: 317 NumGr: 8 IDs  20  17  21  35  36  34  19  18 
intem: 6 NumGr: 5 IDs  2  3  1  4  0 
intem: 613 NumGr: 10 IDs  48  54  47  43  40  41  42  44  45  46 
intem: 110 NumGr: 2 IDs  32  33 
intem: 126 NumGr: 3 IDs  37  38  39 
intem: 47 NumGr: 2 IDs  11  14 
intem: 1158 NumGr: 9 IDs  15  12  16  6  7  8  10  9  5 
intem: 68 NumGr: 3 IDs  22  23  24 
intem: 1110 NumGr: 4 IDs  25  26  27  28 
intem: 94 NumGr: 4 IDs  13  29  30  31 
V: 1645  E: 3186

OVERALL MINIMUM STEINER COST: 5502242 Root: 1099
Total Cost: 5502242
intem: 157 NumGr: 5 IDs  51  52  53  49  50 
intem: 317 NumGr: 8 IDs  20  17  21  35  36  34  19  18 
intem: 6 NumGr: 5 IDs  2  3  1  4  0 
intem: 613 NumGr: 10 IDs  48  54  47  43  40  41  42  44  45  46 
intem: 110 NumGr: 2 IDs  32  33 
intem: 126 NumGr: 3 IDs  37  38  39 
intem: 47 NumGr: 2 IDs  11  14 
intem: 1158 NumGr: 9 IDs  15  12  16  6  7  8  10  9  5 
intem: 68 NumGr: 3 IDs  22  23  24 
intem: 1110 NumGr: 4 IDs  25  26  27  28 
intem: 94 NumGr: 4 IDs  13  29  30  31 
V: 1645  E: 3186

OVERALL MINIMUM STEINER COST: 5502242 Root: 1099
Total Cost: 5502242
intem: 157 NumGr: 5 IDs  51  52  53  49  50 
intem: 317 NumGr: 8 IDs  20  17  21  35  36  34  19  18 
intem: 6 NumGr: 5 IDs  2  3  1  4  0 
intem: 613 NumGr: 10 IDs  48  54  47  43  40  41  42  44  45  46 
intem: 110 NumGr: 2 IDs  32  33 
intem: 126 NumGr: 3 IDs  37  38  39 
intem: 47 NumGr: 2 IDs  11  14 
intem: 1158 NumGr: 9 IDs  15  12  16  6  7  8  10  9  5 
intem: 68 NumGr: 3 IDs  22  23  24 
intem: 1110 NumGr: 4 IDs  25  26  27  28 
intem: 94 NumGr: 4 IDs  13  29  30  31 
V: 1645  E: 3186

OVERALL MINIMUM STEINER COST: 5502242 Root: 1099
Total Cost: 5502242
intem: 157 NumGr: 5 IDs  51  52  53  49  50 
intem: 317 NumGr: 8 IDs  20  17  21  35  36  34  19  18 
intem: 6 NumGr: 5 IDs  2  3  1  4  0 
intem: 613 NumGr: 10 IDs  48  54  47  43  40  41  42  44  45  46 
intem: 110 NumGr: 2 IDs  32  33 
intem: 126 NumGr: 3 IDs  37  38  39 
intem: 47 NumGr: 2 IDs  11  14 
intem: 1158 NumGr: 9 IDs  15  12  16  6  7  8  10  9  5 
intem: 68 NumGr: 3 IDs  22  23  24 
intem: 1110 NumGr: 4 IDs  25  26  27  28 
intem: 94 NumGr: 4 IDs  13  29  30  31 
V: 1645  E: 3186

OVERALL MINIMUM STEINER COST: 5502242 Root: 1099
Total Cost: 5502242
intem: 157 NumGr: 5 IDs  51  52  53  49  50 
intem: 317 NumGr: 8 IDs  20  17  21  35  36  34  19  18 
intem: 6 NumGr: 5 IDs  2  3  1  4  0 
intem: 613 NumGr: 10 IDs  48  54  47  43  40  41  42  44  45  46 
intem: 110 NumGr: 2 IDs  32  33 
intem: 126 NumGr: 3 IDs  37  38  39 
intem: 47 NumGr: 2 IDs  11  14 
intem: 1158 NumGr: 9 IDs  15  12  16  6  7  8  10  9  5 
intem: 68 NumGr: 3 IDs  22  23  24 
intem: 1110 NumGr: 4 IDs  25  26  27  28 
intem: 94 NumGr: 4 IDs  13  29  30  31 


---------------------------------------------------
96.txt    (V,E(--> 2518 4985
---------------------------------------------------
V: 2518  E: 4985

OVERALL MINIMUM STEINER COST: 96003983 Root: 1215
Total Cost: 96003983
intem: 302 NumGr: 5 IDs  92  93  94  89  81 
intem: 12 NumGr: 9 IDs  0  5  4  2  3  13  14  15  23 
intem: 446 NumGr: 11 IDs  95  90  88  87  91  80  82  83  84  85  86 
intem: 245 NumGr: 9 IDs  79  78  77  76  75  74  72  71  73 
intem: 1740 NumGr: 5 IDs  1  6  7  8  9 
intem: 854 NumGr: 7 IDs  68  69  70  66  62  63  67 
intem: 1512 NumGr: 7 IDs  30  38  41  42  43  47  52 
intem: 1463 NumGr: 8 IDs  10  11  12  16  17  18  19  20 
intem: 1916 NumGr: 7 IDs  24  25  26  27  36  37  39 
intem: 110 NumGr: 2 IDs  28  29 
intem: 92 NumGr: 2 IDs  21  22 
intem: 1917 NumGr: 4 IDs  33  34  35  40 
intem: 148 NumGr: 5 IDs  31  32  44  45  46 
intem: 1049 NumGr: 13 IDs  48  49  50  51  53  54  55  56  57  58  64  65  61 
intem: 1383 NumGr: 2 IDs  59  60 
V: 2518  E: 4985

OVERALL MINIMUM STEINER COST: 96003983 Root: 1215
Total Cost: 96003983
intem: 302 NumGr: 5 IDs  92  93  94  89  81 
intem: 12 NumGr: 9 IDs  0  5  4  2  3  13  14  15  23 
intem: 446 NumGr: 11 IDs  95  90  88  87  91  80  82  83  84  85  86 
intem: 245 NumGr: 9 IDs  79  78  77  76  75  74  72  71  73 
intem: 1740 NumGr: 5 IDs  1  6  7  8  9 
intem: 854 NumGr: 7 IDs  68  69  70  66  62  63  67 
intem: 1512 NumGr: 7 IDs  30  38  41  42  43  47  52 
intem: 1463 NumGr: 8 IDs  10  11  12  16  17  18  19  20 
intem: 1916 NumGr: 7 IDs  24  25  26  27  36  37  39 
intem: 110 NumGr: 2 IDs  28  29 
intem: 92 NumGr: 2 IDs  21  22 
intem: 1917 NumGr: 4 IDs  33  34  35  40 
intem: 148 NumGr: 5 IDs  31  32  44  45  46 
intem: 1049 NumGr: 13 IDs  48  49  50  51  53  54  55  56  57  58  64  65  61 
intem: 1383 NumGr: 2 IDs  59  60 
V: 2518  E: 4985

OVERALL MINIMUM STEINER COST: 96003983 Root: 1215
Total Cost: 96003983
intem: 302 NumGr: 5 IDs  92  93  94  89  81 
intem: 12 NumGr: 9 IDs  0  5  4  2  3  13  14  15  23 
intem: 446 NumGr: 11 IDs  95  90  88  87  91  80  82  83  84  85  86 
intem: 245 NumGr: 9 IDs  79  78  77  76  75  74  72  71  73 
intem: 1740 NumGr: 5 IDs  1  6  7  8  9 
intem: 854 NumGr: 7 IDs  68  69  70  66  62  63  67 
intem: 1512 NumGr: 7 IDs  30  38  41  42  43  47  52 
intem: 1463 NumGr: 8 IDs  10  11  12  16  17  18  19  20 
intem: 1916 NumGr: 7 IDs  24  25  26  27  36  37  39 
intem: 110 NumGr: 2 IDs  28  29 
intem: 92 NumGr: 2 IDs  21  22 
intem: 1917 NumGr: 4 IDs  33  34  35  40 
intem: 148 NumGr: 5 IDs  31  32  44  45  46 
intem: 1049 NumGr: 13 IDs  48  49  50  51  53  54  55  56  57  58  64  65  61 
intem: 1383 NumGr: 2 IDs  59  60 
V: 2518  E: 4985

OVERALL MINIMUM STEINER COST: 96003983 Root: 1215
Total Cost: 96003983
intem: 302 NumGr: 5 IDs  92  93  94  89  81 
intem: 12 NumGr: 9 IDs  0  5  4  2  3  13  14  15  23 
intem: 446 NumGr: 11 IDs  95  90  88  87  91  80  82  83  84  85  86 
intem: 245 NumGr: 9 IDs  79  78  77  76  75  74  72  71  73 
intem: 1740 NumGr: 5 IDs  1  6  7  8  9 
intem: 854 NumGr: 7 IDs  68  69  70  66  62  63  67 
intem: 1512 NumGr: 7 IDs  30  38  41  42  43  47  52 
intem: 1463 NumGr: 8 IDs  10  11  12  16  17  18  19  20 
intem: 1916 NumGr: 7 IDs  24  25  26  27  36  37  39 
intem: 110 NumGr: 2 IDs  28  29 
intem: 92 NumGr: 2 IDs  21  22 
intem: 1917 NumGr: 4 IDs  33  34  35  40 
intem: 148 NumGr: 5 IDs  31  32  44  45  46 
intem: 1049 NumGr: 13 IDs  48  49  50  51  53  54  55  56  57  58  64  65  61 
intem: 1383 NumGr: 2 IDs  59  60 
V: 2518  E: 4985

OVERALL MINIMUM STEINER COST: 96003983 Root: 1215
Total Cost: 96003983
intem: 302 NumGr: 5 IDs  92  93  94  89  81 
intem: 12 NumGr: 9 IDs  0  5  4  2  3  13  14  15  23 
intem: 446 NumGr: 11 IDs  95  90  88  87  91  80  82  83  84  85  86 
intem: 245 NumGr: 9 IDs  79  78  77  76  75  74  72  71  73 
intem: 1740 NumGr: 5 IDs  1  6  7  8  9 
intem: 854 NumGr: 7 IDs  68  69  70  66  62  63  67 
intem: 1512 NumGr: 7 IDs  30  38  41  42  43  47  52 
intem: 1463 NumGr: 8 IDs  10  11  12  16  17  18  19  20 
intem: 1916 NumGr: 7 IDs  24  25  26  27  36  37  39 
intem: 110 NumGr: 2 IDs  28  29 
intem: 92 NumGr: 2 IDs  21  22 
intem: 1917 NumGr: 4 IDs  33  34  35  40 
intem: 148 NumGr: 5 IDs  31  32  44  45  46 
intem: 1049 NumGr: 13 IDs  48  49  50  51  53  54  55  56  57  58  64  65  61 
intem: 1383 NumGr: 2 IDs  59  60 
V: 2518  E: 4985

OVERALL MINIMUM STEINER COST: 96003983 Root: 1215
Total Cost: 96003983
intem: 302 NumGr: 5 IDs  92  93  94  89  81 
intem: 12 NumGr: 9 IDs  0  5  4  2  3  13  14  15  23 
intem: 446 NumGr: 11 IDs  95  90  88  87  91  80  82  83  84  85  86 
intem: 245 NumGr: 9 IDs  79  78  77  76  75  74  72  71  73 
intem: 1740 NumGr: 5 IDs  1  6  7  8  9 
intem: 854 NumGr: 7 IDs  68  69  70  66  62  63  67 
intem: 1512 NumGr: 7 IDs  30  38  41  42  43  47  52 
intem: 1463 NumGr: 8 IDs  10  11  12  16  17  18  19  20 
intem: 1916 NumGr: 7 IDs  24  25  26  27  36  37  39 
intem: 110 NumGr: 2 IDs  28  29 
intem: 92 NumGr: 2 IDs  21  22 
intem: 1917 NumGr: 4 IDs  33  34  35  40 
intem: 148 NumGr: 5 IDs  31  32  44  45  46 
intem: 1049 NumGr: 13 IDs  48  49  50  51  53  54  55  56  57  58  64  65  61 
intem: 1383 NumGr: 2 IDs  59  60 


---------------------------------------------------
99.txt    (V,E(--> 2265 4545
---------------------------------------------------
V: 2265  E: 4545

OVERALL MINIMUM STEINER COST: 98004309 Root: 151
Total Cost: 98004309
intem: 210 NumGr: 6 IDs  69  76  89  60  59  61 
intem: 142 NumGr: 5 IDs  17  21  24  33  44 
intem: 28 NumGr: 3 IDs  6  11  8 
intem: 291 NumGr: 9 IDs  84  94  93  92  87  86  88  95  96 
intem: 727 NumGr: 16 IDs  85  97  91  90  82  83  79  80  81  75  77  78  72  73  71  74 
intem: 1914 NumGr: 10 IDs  1  4  5  13  10  7  14  2  3  0 
intem: 945 NumGr: 6 IDs  58  68  70  67  66  65 
intem: 1922 NumGr: 4 IDs  9  12  15  16 
intem: 1213 NumGr: 3 IDs  54  52  53 
intem: 1190 NumGr: 5 IDs  55  57  62  63  64 
intem: 189 NumGr: 3 IDs  56  50  51 
intem: 1720 NumGr: 2 IDs  18  19 
intem: 1622 NumGr: 3 IDs  20  22  23 
intem: 1587 NumGr: 2 IDs  25  26 
intem: 146 NumGr: 2 IDs  46  35 
intem: 1770 NumGr: 3 IDs  48  36  47 
intem: 1495 NumGr: 5 IDs  28  29  30  31  32 
intem: 1106 NumGr: 2 IDs  41  43 
intem: 1582 NumGr: 3 IDs  27  45  34 
intem: 153 NumGr: 4 IDs  38  39  40  42 
intem: 2204 NumGr: 1 IDs  37 
intem: 176 NumGr: 1 IDs  49 
V: 2265  E: 4545

OVERALL MINIMUM STEINER COST: 98004309 Root: 151
Total Cost: 98004309
intem: 210 NumGr: 6 IDs  69  76  89  60  59  61 
intem: 142 NumGr: 5 IDs  17  21  24  33  44 
intem: 28 NumGr: 3 IDs  6  11  8 
intem: 291 NumGr: 9 IDs  84  94  93  92  87  86  88  95  96 
intem: 727 NumGr: 16 IDs  85  97  91  90  82  83  79  80  81  75  77  78  72  73  71  74 
intem: 1914 NumGr: 10 IDs  1  4  5  13  10  7  14  2  3  0 
intem: 945 NumGr: 6 IDs  58  68  70  67  66  65 
intem: 1922 NumGr: 4 IDs  9  12  15  16 
intem: 1213 NumGr: 3 IDs  54  52  53 
intem: 1190 NumGr: 5 IDs  55  57  62  63  64 
intem: 189 NumGr: 3 IDs  56  50  51 
intem: 1720 NumGr: 2 IDs  18  19 
intem: 1622 NumGr: 3 IDs  20  22  23 
intem: 1587 NumGr: 2 IDs  25  26 
intem: 146 NumGr: 2 IDs  46  35 
intem: 1770 NumGr: 3 IDs  48  36  47 
intem: 1495 NumGr: 5 IDs  28  29  30  31  32 
intem: 1106 NumGr: 2 IDs  41  43 
intem: 1582 NumGr: 3 IDs  27  45  34 
intem: 153 NumGr: 4 IDs  38  39  40  42 
intem: 2204 NumGr: 1 IDs  37 
intem: 176 NumGr: 1 IDs  49 
V: 2265  E: 4545

OVERALL MINIMUM STEINER COST: 98004309 Root: 151
Total Cost: 98004309
intem: 210 NumGr: 6 IDs  69  76  89  60  59  61 
intem: 142 NumGr: 5 IDs  17  21  24  33  44 
intem: 28 NumGr: 3 IDs  6  11  8 
intem: 291 NumGr: 9 IDs  84  94  93  92  87  86  88  95  96 
intem: 727 NumGr: 16 IDs  85  97  91  90  82  83  79  80  81  75  77  78  72  73  71  74 
intem: 1914 NumGr: 10 IDs  1  4  5  13  10  7  14  2  3  0 
intem: 945 NumGr: 6 IDs  58  68  70  67  66  65 
intem: 1922 NumGr: 4 IDs  9  12  15  16 
intem: 1213 NumGr: 3 IDs  54  52  53 
intem: 1190 NumGr: 5 IDs  55  57  62  63  64 
intem: 189 NumGr: 3 IDs  56  50  51 
intem: 1720 NumGr: 2 IDs  18  19 
intem: 1622 NumGr: 3 IDs  20  22  23 
intem: 1587 NumGr: 2 IDs  25  26 
intem: 146 NumGr: 2 IDs  46  35 
intem: 1770 NumGr: 3 IDs  48  36  47 
intem: 1495 NumGr: 5 IDs  28  29  30  31  32 
intem: 1106 NumGr: 2 IDs  41  43 
intem: 1582 NumGr: 3 IDs  27  45  34 
intem: 153 NumGr: 4 IDs  38  39  40  42 
intem: 2204 NumGr: 1 IDs  37 
intem: 176 NumGr: 1 IDs  49 
V: 2265  E: 4545

OVERALL MINIMUM STEINER COST: 98004309 Root: 151
Total Cost: 98004309
intem: 210 NumGr: 6 IDs  69  76  89  60  59  61 
intem: 142 NumGr: 5 IDs  17  21  24  33  44 
intem: 28 NumGr: 3 IDs  6  11  8 
intem: 291 NumGr: 9 IDs  84  94  93  92  87  86  88  95  96 
intem: 727 NumGr: 16 IDs  85  97  91  90  82  83  79  80  81  75  77  78  72  73  71  74 
intem: 1914 NumGr: 10 IDs  1  4  5  13  10  7  14  2  3  0 
intem: 945 NumGr: 6 IDs  58  68  70  67  66  65 
intem: 1922 NumGr: 4 IDs  9  12  15  16 
intem: 1213 NumGr: 3 IDs  54  52  53 
intem: 1190 NumGr: 5 IDs  55  57  62  63  64 
intem: 189 NumGr: 3 IDs  56  50  51 
intem: 1720 NumGr: 2 IDs  18  19 
intem: 1622 NumGr: 3 IDs  20  22  23 
intem: 1587 NumGr: 2 IDs  25  26 
intem: 146 NumGr: 2 IDs  46  35 
intem: 1770 NumGr: 3 IDs  48  36  47 
intem: 1495 NumGr: 5 IDs  28  29  30  31  32 
intem: 1106 NumGr: 2 IDs  41  43 
intem: 1582 NumGr: 3 IDs  27  45  34 
intem: 153 NumGr: 4 IDs  38  39  40  42 
intem: 2204 NumGr: 1 IDs  37 
intem: 176 NumGr: 1 IDs  49 
V: 2265  E: 4545

OVERALL MINIMUM STEINER COST: 98004309 Root: 151
Total Cost: 98004309
intem: 210 NumGr: 6 IDs  69  76  89  60  59  61 
intem: 142 NumGr: 5 IDs  17  21  24  33  44 
intem: 28 NumGr: 3 IDs  6  11  8 
intem: 291 NumGr: 9 IDs  84  94  93  92  87  86  88  95  96 
intem: 727 NumGr: 16 IDs  85  97  91  90  82  83  79  80  81  75  77  78  72  73  71  74 
intem: 1914 NumGr: 10 IDs  1  4  5  13  10  7  14  2  3  0 
intem: 945 NumGr: 6 IDs  58  68  70  67  66  65 
intem: 1922 NumGr: 4 IDs  9  12  15  16 
intem: 1213 NumGr: 3 IDs  54  52  53 
intem: 1190 NumGr: 5 IDs  55  57  62  63  64 
intem: 189 NumGr: 3 IDs  56  50  51 
intem: 1720 NumGr: 2 IDs  18  19 
intem: 1622 NumGr: 3 IDs  20  22  23 
intem: 1587 NumGr: 2 IDs  25  26 
intem: 146 NumGr: 2 IDs  46  35 
intem: 1770 NumGr: 3 IDs  48  36  47 
intem: 1495 NumGr: 5 IDs  28  29  30  31  32 
intem: 1106 NumGr: 2 IDs  41  43 
intem: 1582 NumGr: 3 IDs  27  45  34 
intem: 153 NumGr: 4 IDs  38  39  40  42 
intem: 2204 NumGr: 1 IDs  37 
intem: 176 NumGr: 1 IDs  49 
V: 2265  E: 4545

OVERALL MINIMUM STEINER COST: 98004309 Root: 151
Total Cost: 98004309
intem: 210 NumGr: 6 IDs  69  76  89  60  59  61 
intem: 142 NumGr: 5 IDs  17  21  24  33  44 
intem: 28 NumGr: 3 IDs  6  11  8 
intem: 291 NumGr: 9 IDs  84  94  93  92  87  86  88  95  96 
intem: 727 NumGr: 16 IDs  85  97  91  90  82  83  79  80  81  75  77  78  72  73  71  74 
intem: 1914 NumGr: 10 IDs  1  4  5  13  10  7  14  2  3  0 
intem: 945 NumGr: 6 IDs  58  68  70  67  66  65 
intem: 1922 NumGr: 4 IDs  9  12  15  16 
intem: 1213 NumGr: 3 IDs  54  52  53 
intem: 1190 NumGr: 5 IDs  55  57  62  63  64 
intem: 189 NumGr: 3 IDs  56  50  51 
intem: 1720 NumGr: 2 IDs  18  19 
intem: 1622 NumGr: 3 IDs  20  22  23 
intem: 1587 NumGr: 2 IDs  25  26 
intem: 146 NumGr: 2 IDs  46  35 
intem: 1770 NumGr: 3 IDs  48  36  47 
intem: 1495 NumGr: 5 IDs  28  29  30  31  32 
intem: 1106 NumGr: 2 IDs  41  43 
intem: 1582 NumGr: 3 IDs  27  45  34 
intem: 153 NumGr: 4 IDs  38  39  40  42 
intem: 2204 NumGr: 1 IDs  37 
intem: 176 NumGr: 1 IDs  49 


---------------------------------------------------
LIN/12.stp    (V,E(--> 818 1462
---------------------------------------------------
V: 818  E: 1462

OVERALL MINIMUM STEINER COST: 7123 Root: 399
Total Cost: 7123
intem: 5 NumGr: 2 IDs  5  6 
intem: 335 NumGr: 4 IDs  4  10  2  8 
intem: 328 NumGr: 2 IDs  7  3 
intem: 466 NumGr: 2 IDs  1  9 
intem: 76 NumGr: 1 IDs  0 
intem: 395 NumGr: 1 IDs  11 
V: 818  E: 1462

OVERALL MINIMUM STEINER COST: 7123 Root: 399
Total Cost: 7123
intem: 5 NumGr: 2 IDs  5  6 
intem: 335 NumGr: 4 IDs  4  10  2  8 
intem: 328 NumGr: 2 IDs  7  3 
intem: 466 NumGr: 2 IDs  1  9 
intem: 76 NumGr: 1 IDs  0 
intem: 395 NumGr: 1 IDs  11 
V: 818  E: 1462

OVERALL MINIMUM STEINER COST: 7123 Root: 399
Total Cost: 7123
intem: 5 NumGr: 2 IDs  5  6 
intem: 335 NumGr: 4 IDs  4  10  2  8 
intem: 328 NumGr: 2 IDs  7  3 
intem: 466 NumGr: 2 IDs  1  9 
intem: 76 NumGr: 1 IDs  0 
intem: 395 NumGr: 1 IDs  11 
V: 818  E: 1462

OVERALL MINIMUM STEINER COST: 7123 Root: 399
Total Cost: 7123
intem: 5 NumGr: 2 IDs  5  6 
intem: 335 NumGr: 4 IDs  4  10  2  8 
intem: 328 NumGr: 2 IDs  7  3 
intem: 466 NumGr: 2 IDs  1  9 
intem: 76 NumGr: 1 IDs  0 
intem: 395 NumGr: 1 IDs  11 
V: 818  E: 1462

OVERALL MINIMUM STEINER COST: 7123 Root: 399
Total Cost: 7123
intem: 5 NumGr: 2 IDs  5  6 
intem: 335 NumGr: 4 IDs  4  10  2  8 
intem: 328 NumGr: 2 IDs  7  3 
intem: 466 NumGr: 2 IDs  1  9 
intem: 76 NumGr: 1 IDs  0 
intem: 395 NumGr: 1 IDs  11 
V: 818  E: 1462

OVERALL MINIMUM STEINER COST: 7123 Root: 399
Total Cost: 7123
intem: 5 NumGr: 2 IDs  5  6 
intem: 335 NumGr: 4 IDs  4  10  2  8 
intem: 328 NumGr: 2 IDs  7  3 
intem: 466 NumGr: 2 IDs  1  9 
intem: 76 NumGr: 1 IDs  0 
intem: 395 NumGr: 1 IDs  11 


---------------------------------------------------
LIN/22.stp    (V,E(--> 3692 6726
---------------------------------------------------
V: 3692  E: 6726

OVERALL MINIMUM STEINER COST: 21621 Root: 3131
Total Cost: 21621
intem: 1655 NumGr: 6 IDs  9  19  14  17  15  13 
intem: 937 NumGr: 3 IDs  6  4  5 
intem: 1191 NumGr: 3 IDs  25  18  27 
intem: 1885 NumGr: 2 IDs  1  12 
intem: 1449 NumGr: 2 IDs  0  26 
intem: 2732 NumGr: 3 IDs  20  7  2 
intem: 2672 NumGr: 2 IDs  24  8 
intem: 3520 NumGr: 2 IDs  10  16 
intem: 2666 NumGr: 2 IDs  22  23 
intem: 14 NumGr: 3 IDs  11  21  3 
V: 3692  E: 6726

OVERALL MINIMUM STEINER COST: 21621 Root: 3131
Total Cost: 21621
intem: 1655 NumGr: 6 IDs  9  19  14  17  15  13 
intem: 937 NumGr: 3 IDs  6  4  5 
intem: 1191 NumGr: 3 IDs  25  18  27 
intem: 1885 NumGr: 2 IDs  1  12 
intem: 1449 NumGr: 2 IDs  0  26 
intem: 2732 NumGr: 3 IDs  20  7  2 
intem: 2672 NumGr: 2 IDs  24  8 
intem: 3520 NumGr: 2 IDs  10  16 
intem: 2666 NumGr: 2 IDs  22  23 
intem: 14 NumGr: 3 IDs  11  21  3 
V: 3692  E: 6726

OVERALL MINIMUM STEINER COST: 21621 Root: 3131
Total Cost: 21621
intem: 1655 NumGr: 6 IDs  9  19  14  17  15  13 
intem: 937 NumGr: 3 IDs  6  4  5 
intem: 1191 NumGr: 3 IDs  25  18  27 
intem: 1885 NumGr: 2 IDs  1  12 
intem: 1449 NumGr: 2 IDs  0  26 
intem: 2732 NumGr: 3 IDs  20  7  2 
intem: 2672 NumGr: 2 IDs  24  8 
intem: 3520 NumGr: 2 IDs  10  16 
intem: 2666 NumGr: 2 IDs  22  23 
intem: 14 NumGr: 3 IDs  11  21  3 
V: 3692  E: 6726

OVERALL MINIMUM STEINER COST: 21621 Root: 3131
Total Cost: 21621
intem: 1655 NumGr: 6 IDs  9  19  14  17  15  13 
intem: 937 NumGr: 3 IDs  6  4  5 
intem: 1191 NumGr: 3 IDs  25  18  27 
intem: 1885 NumGr: 2 IDs  1  12 
intem: 1449 NumGr: 2 IDs  0  26 
intem: 2732 NumGr: 3 IDs  20  7  2 
intem: 2672 NumGr: 2 IDs  24  8 
intem: 3520 NumGr: 2 IDs  10  16 
intem: 2666 NumGr: 2 IDs  22  23 
intem: 14 NumGr: 3 IDs  11  21  3 
V: 3692  E: 6726

OVERALL MINIMUM STEINER COST: 21621 Root: 3131
Total Cost: 21621
intem: 1655 NumGr: 6 IDs  9  19  14  17  15  13 
intem: 937 NumGr: 3 IDs  6  4  5 
intem: 1191 NumGr: 3 IDs  25  18  27 
intem: 1885 NumGr: 2 IDs  1  12 
intem: 1449 NumGr: 2 IDs  0  26 
intem: 2732 NumGr: 3 IDs  20  7  2 
intem: 2672 NumGr: 2 IDs  24  8 
intem: 3520 NumGr: 2 IDs  10  16 
intem: 2666 NumGr: 2 IDs  22  23 
intem: 14 NumGr: 3 IDs  11  21  3 
V: 3692  E: 6726

OVERALL MINIMUM STEINER COST: 21621 Root: 3131
Total Cost: 21621
intem: 1655 NumGr: 6 IDs  9  19  14  17  15  13 
intem: 937 NumGr: 3 IDs  6  4  5 
intem: 1191 NumGr: 3 IDs  25  18  27 
intem: 1885 NumGr: 2 IDs  1  12 
intem: 1449 NumGr: 2 IDs  0  26 
intem: 2732 NumGr: 3 IDs  20  7  2 
intem: 2672 NumGr: 2 IDs  24  8 
intem: 3520 NumGr: 2 IDs  10  16 
intem: 2666 NumGr: 2 IDs  22  23 
intem: 14 NumGr: 3 IDs  11  21  3 


---------------------------------------------------
LIN/27.stp    (V,E(--> 8017 14753
---------------------------------------------------
V: 8017  E: 14753

OVERALL MINIMUM STEINER COST: 46744 Root: 7249
Total Cost: 46744
intem: 1933 NumGr: 5 IDs  20  21  3  35  18 
intem: 3311 NumGr: 3 IDs  1  14  15 
intem: 527 NumGr: 2 IDs  30  34 
intem: 4216 NumGr: 3 IDs  29  28  27 
intem: 1174 NumGr: 2 IDs  33  32 
intem: 7650 NumGr: 2 IDs  0  11 
intem: 3956 NumGr: 2 IDs  25  26 
intem: 4000 NumGr: 2 IDs  6  16 
intem: 3985 NumGr: 9 IDs  13  8  2  17  24  4  5  31  9 
intem: 6194 NumGr: 2 IDs  23  12 
intem: 171 NumGr: 3 IDs  22  10  7 
intem: 668 NumGr: 1 IDs  19 
V: 8017  E: 14753

OVERALL MINIMUM STEINER COST: 46744 Root: 7249
Total Cost: 46744
intem: 1933 NumGr: 5 IDs  20  21  3  35  18 
intem: 3311 NumGr: 3 IDs  1  14  15 
intem: 527 NumGr: 2 IDs  30  34 
intem: 4216 NumGr: 3 IDs  29  28  27 
intem: 1174 NumGr: 2 IDs  33  32 
intem: 7650 NumGr: 2 IDs  0  11 
intem: 3956 NumGr: 2 IDs  25  26 
intem: 4000 NumGr: 2 IDs  6  16 
intem: 3985 NumGr: 9 IDs  13  8  2  17  24  4  5  31  9 
intem: 6194 NumGr: 2 IDs  23  12 
intem: 171 NumGr: 3 IDs  22  10  7 
intem: 668 NumGr: 1 IDs  19 
V: 8017  E: 14753

OVERALL MINIMUM STEINER COST: 46744 Root: 7249
Total Cost: 46744
intem: 1933 NumGr: 5 IDs  20  21  3  35  18 
intem: 3311 NumGr: 3 IDs  1  14  15 
intem: 527 NumGr: 2 IDs  30  34 
intem: 4216 NumGr: 3 IDs  29  28  27 
intem: 1174 NumGr: 2 IDs  33  32 
intem: 7650 NumGr: 2 IDs  0  11 
intem: 3956 NumGr: 2 IDs  25  26 
intem: 4000 NumGr: 2 IDs  6  16 
intem: 3985 NumGr: 9 IDs  13  8  2  17  24  4  5  31  9 
intem: 6194 NumGr: 2 IDs  23  12 
intem: 171 NumGr: 3 IDs  22  10  7 
intem: 668 NumGr: 1 IDs  19 
V: 8017  E: 14753

OVERALL MINIMUM STEINER COST: 46744 Root: 7249
Total Cost: 46744
intem: 1933 NumGr: 5 IDs  20  21  3  35  18 
intem: 3311 NumGr: 3 IDs  1  14  15 
intem: 527 NumGr: 2 IDs  30  34 
intem: 4216 NumGr: 3 IDs  29  28  27 
intem: 1174 NumGr: 2 IDs  33  32 
intem: 7650 NumGr: 2 IDs  0  11 
intem: 3956 NumGr: 2 IDs  25  26 
intem: 4000 NumGr: 2 IDs  6  16 
intem: 3985 NumGr: 9 IDs  13  8  2  17  24  4  5  31  9 
intem: 6194 NumGr: 2 IDs  23  12 
intem: 171 NumGr: 3 IDs  22  10  7 
intem: 668 NumGr: 1 IDs  19 
V: 8017  E: 14753
V: 8017  E: 14753


