____________________________________________ Wed Jun 17 17:53:30 EDT 2015 ____________________________________________
---------------------------------------------------
13.txt    (V,E)--> 311 613
---------------------------------------------------
1: 2.298
2: 2.113
4: 2.023
8: 1.984
16: 1.968
32: 1.983
64: 2.540
128: 2.059
256: 2.291
384: # of nodes is more than needed
512: # of nodes is more than needed


---------------------------------------------------
24.txt    (V,E)--> 262 487
---------------------------------------------------
1: 2.800
2: 2.413
4: 2.177
8: 2.063
16: 2.015
32: 1.995
64: 1.998
128: 2.028
256: 2.189
384: # of nodes is more than needed
512: # of nodes is more than needed


---------------------------------------------------
34.txt    (V,E)--> 1244 2474
---------------------------------------------------
1: 49.767
2: 26.913
4: 15.136
8: 9.497
16: 6.305
32: 5.480
64: 4.781
128: 7.054
256: 11.590
384: 7.469
512: 12.503


---------------------------------------------------
55.txt    (V,E)--> 1645 3186
---------------------------------------------------
1: 293.344
2: 153.171
4: 81.141
8: 46.891
16: 26.017
32: 15.525
64: 16.319
128: 26.626
256: 26.553
384: 26.992
512: 29.622


---------------------------------------------------
96.txt    (V,E)--> 2518 4985
---------------------------------------------------
1: 2176.017
2: 1128.179
4: 587.095
8: 314.211
16: 173.810
32: 99.914
64: 65.532
128: 110.844
256: 237.472
384: 241.144
512: 464.417


---------------------------------------------------
99.txt    (V,E)--> 2265 4545
---------------------------------------------------
1: 1988.556
2: 1040.683
4: 544.471
8: 276.842
16: 148.270
32: 96.610
64: 63.660
128: 111.833
256: 240.566
384: 353.353
512: 247.050


---------------------------------------------------
LIN/12.stp    (V,E)--> 818 1462
---------------------------------------------------
1: 4.112
2: 3.125
4: 2.659
8: 2.416
16: 2.285
32: 2.256
64: 2.319
128: 2.340
256: 2.582
384: 3.658
512: 3.702


---------------------------------------------------
LIN/22.stp    (V,E)--> 3692 6726
---------------------------------------------------
1: 276.269
2: 150.937
4: 86.450
8: 54.901
16: 51.304
32: 39.945
64: 27.984
128: 27.158
256: 29.475
384: 38.408
512: 29.683


---------------------------------------------------
LIN/27.stp    (V,E)--> 8017 14753
---------------------------------------------------
1: 2466.926
2: 1359.190
4: 781.994
8: 789.859
16: 666.476
32: 476.433
64: 331.918
128: 216.423
256: 214.052
384: 289.443
512: 290.598


---------------------------------------------------
LIN/31.stp    (V,E)--> 19100 35653
---------------------------------------------------
1: 22052.578
2: 12180.936
4: 2244.926
8: 4900.630
16: 3696.897
32: 2932.015
64: 2634.928
128: 2449.709
256: 2259.465
384: [compute-0-17][[45308,1],207][../../../../../ompi/mca/btl/tcp/btl_tcp_frag.c:237:mca_btl_tcp_frag_recv] mca_btl_tcp_frag_recv: readv failed: Connection reset by peer (104)
2263.840
512: 2267.521


____________________________________________ Thu Jun 18 17:08:10 EDT 2015 ____________________________________________
---------------------------------------------------
13.txt    (V,E)--> 311 613
---------------------------------------------------
4: 1.778
8: 1.599
16: 1.571
32: 1.595
64: 2.587
128: 1.696
256: 1.830
384: # of nodes is more than needed
512: # of nodes is more than needed
1024: # of nodes is more than needed


---------------------------------------------------
24.txt    (V,E)--> 262 487
---------------------------------------------------
4: 1.766
8: 1.678
16: 1.620
32: 1.606
64: 1.599
128: 1.625
256: 1.784
384: # of nodes is more than needed
512: # of nodes is more than needed
1024: # of nodes is more than needed


---------------------------------------------------
34.txt    (V,E)--> 1244 2474
---------------------------------------------------
4: 15.656
8: 8.706
16: 5.927
32: 5.108
64: 4.344
128: 6.617
256: 11.174
384: 7.150
512: 12.182
1024: 14.199


---------------------------------------------------
55.txt    (V,E)--> 1645 3186
---------------------------------------------------
4: 89.592
8: 43.236
16: 24.946
32: 14.997
64: 15.931
128: 26.133
256: 29.568
384: 26.540
512: 27.867
1024: 125.237


---------------------------------------------------
96.txt    (V,E)--> 2518 4985
---------------------------------------------------
4: 594.310
8: 324.262
16: 163.029
32: 102.040
64: 70.512
128: 111.347
256: 237.164
384: 239.881
512: 444.490
1024: 448.249


---------------------------------------------------
99.txt    (V,E)--> 2265 4545
---------------------------------------------------
4: 546.788
8: 300.606
16: 157.942
32: 94.767
64: 63.616
128: 111.168
256: 241.773
384: 349.967
512: 251.008
1024: 250.811


---------------------------------------------------
LIN/12.stp    (V,E)--> 818 1462
---------------------------------------------------
4: 2.274
8: 2.028
16: 1.912
32: 1.874
64: 1.922
128: 1.946
256: 2.125
384: 3.702
512: 3.296
1024: # of nodes is more than needed


---------------------------------------------------
LIN/22.stp    (V,E)--> 3692 6726
---------------------------------------------------
4: 87.067
8: 52.955
16: 47.102
32: 37.095
64: 28.391
128: 26.840
256: 28.998
384: 38.118
512: 29.143
1024: 74.789


---------------------------------------------------
LIN/27.stp    (V,E)--> 8017 14753
---------------------------------------------------
4: 781.263
8: 769.845
16: 652.723
32: 465.945
64: 323.397
128: 212.500
256: 213.822
384: 288.538
512: 291.895
1024: 472.059


____________________________________________ Sun Jun 21 19:43:08 EDT 2015 ____________________________________________
---------------------------------------------------
13.txt    (V,E)--> 311 613
---------------------------------------------------
4: 2.134
8: 2.102
16: 2.084
32: 2.100
64: 3.083
128: 3.101
256: 2.484
384: # of nodes is more than needed
512: # of nodes is more than needed
1024: # of nodes is more than needed


---------------------------------------------------
24.txt    (V,E)--> 262 487
---------------------------------------------------
4: 2.285
8: 2.184
16: 2.131
32: 2.101
64: 2.099
128: 2.135
256: 2.317
384: # of nodes is more than needed
512: # of nodes is more than needed
1024: # of nodes is more than needed


---------------------------------------------------
34.txt    (V,E)--> 1244 2474
---------------------------------------------------
4: 16.010
8: 9.089
16: 7.033
32: 5.607
64: 4.869
128: 7.070
256: 11.619
384: 7.674
512: 12.643
1024: 15.160


---------------------------------------------------
55.txt    (V,E)--> 1645 3186
---------------------------------------------------
4: 80.262
8: 48.604
16: 26.116
32: 15.511
64: 16.609
128: 26.539
256: 26.434
384: 26.969
512: 28.552
1024: 123.776


---------------------------------------------------
96.txt    (V,E)--> 2518 4985
---------------------------------------------------
4: 668.309
8: 302.015
16: 183.414
32: 98.691
64: 64.431
128: 111.737
256: 238.819
384: 238.487
512: 437.559
1024: 446.567


---------------------------------------------------
99.txt    (V,E)--> 2265 4545
---------------------------------------------------
4: 536.691
8: 277.566
16: 146.876
32: 96.989
64: 63.347
128: 118.957
256: 239.200
384: 352.159
512: 246.171
1024: 257.432


---------------------------------------------------
LIN/12.stp    (V,E)--> 818 1462
---------------------------------------------------
4: 2.757
8: 2.501
16: 2.381
32: 2.365
64: 2.399
128: 2.432
256: 2.602
384: 3.898
512: 3.866
1024: # of nodes is more than needed


---------------------------------------------------
LIN/22.stp    (V,E)--> 3692 6726
---------------------------------------------------
4: 86.270
8: 56.775
16: 35.704
32: 26.968
64: 24.899
128: 27.269
256: 29.271
384: 38.393
512: 29.505
1024: 69.836


---------------------------------------------------
LIN/27.stp    (V,E)--> 8017 14753
---------------------------------------------------
4: 776.728
8: 491.385
16: 332.558
32: 249.505
64: 217.439
128: 212.844
256: 217.803
384: 288.242
512: 290.013
1024: 488.399


