____________________________________________ Sun Jun 21 19:46:39 EDT 2015 ____________________________________________
---------------------------------------------------
13.txt    (V,E)--> 311 613
---------------------------------------------------
4: 0.472
8: 0.405
16: 0.547
32: 0.994
64: 1.985
128: 4.120


---------------------------------------------------
24.txt    (V,E)--> 262 487
---------------------------------------------------
4: 0.639
8: 0.460
16: 0.537
32: 0.816
64: 1.500
128: 3.333


---------------------------------------------------
34.txt    (V,E)--> 1244 2474
---------------------------------------------------
4: 39.943
8: 27.428
16: 33.695
32: 55.042
64: 89.549
128: 212.315


---------------------------------------------------
55.txt    (V,E)--> 1645 3186
---------------------------------------------------
4: 187.185
8: 106.836
16: 115.910
32: 151.917
64: 273.345
128: 504.069


---------------------------------------------------
96.txt    (V,E)--> 2518 4985
---------------------------------------------------
4: 1181.431
8: 654.239
16: 652.381
32: 837.440
64: 1207.167
128: 2224.527


---------------------------------------------------
99.txt    (V,E)--> 2265 4545
---------------------------------------------------
4: 1057.231
8: 578.147
16: 567.782
32: 731.706
64: 975.714
128: 1616.710


---------------------------------------------------
LIN/12.stp    (V,E)--> 818 1462
---------------------------------------------------
4: 5.616
8: 5.046
16: 7.314
32: 10.891
64: 25.807
128: 57.581


---------------------------------------------------
LIN/22.stp    (V,E)--> 3692 6726
---------------------------------------------------
4: 536.150
8: 472.082
16: 648.850
32: 1083.120
64: 2729.017
128: 4548.521


---------------------------------------------------
LIN/27.stp    (V,E)--> 8017 14753
---------------------------------------------------
4: 5296.747
8: 4744.218
16: 6417.256
32: 11972.242
64: 6146.358 //manually stopped before it ended
128: 1.708 //manually stopped before it ended


